<?xml version="1.0" encoding="UTF-8"?>
<testng-results ignored="0" total="1" passed="1" failed="0" skipped="0">
  <reporter-output>
  </reporter-output>
  <suite started-at="2023-10-15T11:58:42 CEST" name="Surefire suite" finished-at="2023-10-15T11:58:50 CEST" duration-ms="7928">
    <groups>
      <group name="cucumber">
        <method signature="AbstractTestNGCucumberTests.runScenario(io.cucumber.testng.PickleWrapper,io.cucumber.testng.FeatureWrapper)[pri:0, instance:runner.MainRunnerTest@2473d930]" name="runScenario" class="io.cucumber.testng.AbstractTestNGCucumberTests"/>
      </group> <!-- cucumber -->
    </groups>
    <test started-at="2023-10-15T11:58:42 CEST" name="Surefire test" finished-at="2023-10-15T11:58:50 CEST" duration-ms="7928">
      <class name="runner.MainRunnerTest">
        <test-method is-config="true" signature="setUpClass(org.testng.ITestContext)[pri:0, instance:runner.MainRunnerTest@2473d930]" started-at="2023-10-15T11:58:42 CEST" name="setUpClass" finished-at="2023-10-15T11:58:43 CEST" duration-ms="785" status="PASS">
          <params>
            <param index="0">
              <value>
                <![CDATA[org.testng.TestRunner@440e3ce6]]>
              </value>
            </param>
          </params>
          <reporter-output>
          </reporter-output>
        </test-method> <!-- setUpClass -->
        <test-method signature="runScenario(io.cucumber.testng.PickleWrapper,io.cucumber.testng.FeatureWrapper)[pri:0, instance:runner.MainRunnerTest@2473d930]" started-at="2023-10-15T11:58:43 CEST" name="runScenario" description="Runs Cucumber Scenarios" data-provider="scenarios" finished-at="2023-10-15T11:58:50 CEST" duration-ms="7026" status="PASS">
          <params>
            <param index="0">
              <value>
                <![CDATA["Add one quantity to the cart"]]>
              </value>
            </param>
            <param index="1">
              <value>
                <![CDATA["Add to Cart"]]>
              </value>
            </param>
          </params>
          <reporter-output>
          </reporter-output>
        </test-method> <!-- runScenario -->
        <test-method is-config="true" signature="tearDownClass()[pri:0, instance:runner.MainRunnerTest@2473d930]" started-at="2023-10-15T11:58:50 CEST" name="tearDownClass" finished-at="2023-10-15T11:58:50 CEST" duration-ms="50" status="PASS">
          <reporter-output>
          </reporter-output>
        </test-method> <!-- tearDownClass -->
      </class> <!-- runner.MainRunnerTest -->
    </test> <!-- Surefire test -->
  </suite> <!-- Surefire suite -->
</testng-results>
